Loading required package: vegan
Loading required package: permute
Loading required package: lattice
This is vegan 2.4-5
Warning messages:
1: In rgl.init(initValue, onlyNULL) : RGL: unable to open X11 display
2: 'rgl_init' failed, running with rgl.useNULL = TRUE 
[[1]]
[1] "/opt/microsoft/ropen/3.4.3/lib64/R/library"

[[2]]
[1] "/opt/microsoft/ropen/3.4.3/lib64/R/library"

[[3]]
[1] "/opt/microsoft/ropen/3.4.3/lib64/R/library"

[[4]]
[1] "/opt/microsoft/ropen/3.4.3/lib64/R/library"

[[5]]
[1] "/opt/microsoft/ropen/3.4.3/lib64/R/library"

[[6]]
[1] "/opt/microsoft/ropen/3.4.3/lib64/R/library"

[[7]]
[1] "/opt/microsoft/ropen/3.4.3/lib64/R/library"

[[8]]
[1] "/opt/microsoft/ropen/3.4.3/lib64/R/library"

[[9]]
[1] "/opt/microsoft/ropen/3.4.3/lib64/R/library"

[[10]]
[1] "/opt/microsoft/ropen/3.4.3/lib64/R/library"

[[11]]
[1] "/opt/microsoft/ropen/3.4.3/lib64/R/library"

[[12]]
[1] "/opt/microsoft/ropen/3.4.3/lib64/R/library"

[[13]]
[1] "/opt/microsoft/ropen/3.4.3/lib64/R/library"

[[14]]
[1] "/opt/microsoft/ropen/3.4.3/lib64/R/library"

[[15]]
[1] "/opt/microsoft/ropen/3.4.3/lib64/R/library"

[[16]]
[1] "/opt/microsoft/ropen/3.4.3/lib64/R/library"

[[17]]
[1] "/opt/microsoft/ropen/3.4.3/lib64/R/library"

[[18]]
[1] "/opt/microsoft/ropen/3.4.3/lib64/R/library"

[[19]]
[1] "/opt/microsoft/ropen/3.4.3/lib64/R/library"

[[20]]
[1] "/opt/microsoft/ropen/3.4.3/lib64/R/library"

[[21]]
[1] "/opt/microsoft/ropen/3.4.3/lib64/R/library"

[[22]]
[1] "/opt/microsoft/ropen/3.4.3/lib64/R/library"

[[23]]
[1] "/opt/microsoft/ropen/3.4.3/lib64/R/library"

[[24]]
[1] "/opt/microsoft/ropen/3.4.3/lib64/R/library"

[1] 1.000000e+03 1.000000e+02 3.086395e-02
[1] 1.500000e+03 1.000000e+02 1.383193e-02





Execution halted
[1] 9.500000e+03 1.000000e+02 2.728689e-03
[1] 1.000000e+04 1.000000e+02 2.658233e-03
Warning message:
In data.row.names(row.names, rowsi, i) :
  some row.names duplicated: 2,3,4,5,6,7,8,9,10,11,12,13,14,15,16,17,18,19 --> row.names NOT used
